22:54:58.370 [main] INFO   - Конструктор класса Application был загружен.
22:54:58.386 [main] INFO   - Клиент готов к чтению команд.
22:55:07.425 [main] INFO   - Конструктор класса Application загружен
22:55:07.432 [main] INFO   - Элементы коллекций из файла /Users/iliailiev/IdeaProjects/prog6.1./command/src/main/java/file/test.json были загружены.
22:55:26.903 [main] INFO   - Сервер готов
22:55:26.903 [main] INFO   - Порт установлен.
22:55:38.525 [main] INFO   - Данные были отправлены.
22:55:38.529 [main] INFO   - Получен пакет с командой от 127.0.0.1 51773
22:55:38.541 [main] INFO   - Контейнер с командой получен
22:55:38.552 [main] INFO   - Была исполнена команда show
22:55:38.554 [main] INFO   - Пакет был отправлен 127.0.0.1 51773
22:55:39.031 [main] INFO   - Данные были получены.
22:56:30.581 [main] INFO   - Данные были отправлены.
22:56:30.584 [main] INFO   - Получен пакет с командой от 127.0.0.1 51773
22:56:30.600 [main] INFO   - Контейнер с командой получен
22:56:30.601 [main] INFO   - Была исполнена команда add
22:56:30.601 [main] INFO   - Пакет был отправлен 127.0.0.1 51773
22:56:31.088 [main] INFO   - Данные были получены.
22:56:35.322 [main] INFO   - Данные были отправлены.
22:56:35.323 [main] INFO   - Получен пакет с командой от 127.0.0.1 51773
22:56:35.324 [main] INFO   - Контейнер с командой получен
22:56:35.326 [main] INFO   - Была исполнена команда show
22:56:35.327 [main] INFO   - Пакет был отправлен 127.0.0.1 51773
22:56:35.828 [main] INFO   - Данные были получены.
23:23:56.653 [main] INFO   - Конструктор класса Application загружен
23:23:56.660 [main] INFO   - Элементы коллекций из файла /Users/iliailiev/IdeaProjects/prog6.1./command/src/main/java/file/test.json были загружены.
23:24:06.547 [main] INFO   - Сервер готов
23:24:06.548 [main] INFO   - Порт установлен.
23:24:24.613 [main] INFO   - Конструктор класса Application был загружен.
23:24:24.627 [main] INFO   - Клиент готов к чтению команд.
23:24:37.239 [main] WARN   - Команда не была исполнена
23:24:45.084 [main] WARN   - Команда не была исполнена
23:24:52.797 [main] WARN   - Команда не была исполнена
23:24:59.600 [main] WARN   - Команда не была исполнена
23:25:08.772 [main] WARN   - Команда не была исполнена
23:25:34.152 [main] WARN   - Команда не была исполнена
